d:\ja\demo\aarondemo1\aarondemo1\debug\aarondemo1.pch
d:\ja\demo\aarondemo1\aarondemo1\debug\vc140.pdb
d:\ja\demo\aarondemo1\aarondemo1\debug\vc140.idb
d:\ja\demo\aarondemo1\aarondemo1\debug\stdafx.obj
d:\ja\demo\aarondemo1\aarondemo1\debug\aarondemo1.obj
d:\ja\demo\aarondemo1\aarondemo1\debug\aarondemo1dlg.obj
d:\ja\demo\aarondemo1\aarondemo1\debug\commcommunicatethread.obj
d:\ja\demo\aarondemo1\aarondemo1\debug\myptrlist.obj
d:\ja\demo\aarondemo1\debug\aarondemo1.ilk
d:\ja\demo\aarondemo1\debug\aarondemo1.exe
d:\ja\demo\aarondemo1\debug\aarondemo1.pdb
d:\ja\demo\aarondemo1\aarondemo1\debug\aarondemo1.res
d:\ja\demo\aarondemo1\aarondemo1\debug\aarondemo1.tlog\cl.command.1.tlog
d:\ja\demo\aarondemo1\aarondemo1\debug\aarondemo1.tlog\cl.read.1.tlog
d:\ja\demo\aarondemo1\aarondemo1\debug\aarondemo1.tlog\cl.write.1.tlog
d:\ja\demo\aarondemo1\aarondemo1\debug\aarondemo1.tlog\link.command.1.tlog
d:\ja\demo\aarondemo1\aarondemo1\debug\aarondemo1.tlog\link.read.1.tlog
d:\ja\demo\aarondemo1\aarondemo1\debug\aarondemo1.tlog\link.write.1.tlog
d:\ja\demo\aarondemo1\aarondemo1\debug\aarondemo1.tlog\rc.command.1.tlog
d:\ja\demo\aarondemo1\aarondemo1\debug\aarondemo1.tlog\rc.read.1.tlog
d:\ja\demo\aarondemo1\aarondemo1\debug\aarondemo1.tlog\rc.write.1.tlog
